<?xml version="1.0" encoding="UTF-8"?>
<!-- Generated by org.testng.reporters.JUnitReportReporter -->
<testsuite hostname="DESKTOP-HH2KTU2" failures="0" tests="1" name="com.crm.organization.CreateOrganizationTest" time="10.597" errors="0" timestamp="2022-08-15T10:49:24 IST" skipped="0">
  <testcase classname="com.crm.organization.CreateOrganizationTest" name="createOrganizationTest" time="10.597"/>
  <system-out/>
</testsuite> <!-- com.crm.organization.CreateOrganizationTest -->
